2024-10-04 18:05:31 [INFO]: Method: POST URL: /api/cart/getorderdetails Body: {"orderitemid":3,"type":"service"} Time: 2024-10-04 18:05:31
<-------------------------------------------------->
2024-10-04 18:14:57 [INFO]: Method: POST URL: /error Body: {"orderitemid":3,"type":"service"} Time: 2024-10-04 18:14:57
<-------------------------------------------------->
2024-10-04 18:15:02 [INFO]: Method: GET URL: /error Body: {} Time: 2024-10-04 18:15:02
<-------------------------------------------------->
2024-10-04 18:15:36 [INFO]: Method: GET URL: /error Body: {} Time: 2024-10-04 18:15:36
<-------------------------------------------------->
2024-10-04 18:16:13 [INFO]: Method: GET URL: /error Body: {} Time: 2024-10-04 18:16:13
<-------------------------------------------------->
2024-10-04 18:17:39 [INFO]: Method: GET URL: /error Body: {} Time: 2024-10-04 18:17:39
<-------------------------------------------------->
{"level":"error","message":"Error occurred: This is an intentional error!","timestamp":"2024-10-04T12:47:39.736Z"}
{"level":"error","message":"Error occurred: This is an intentional error!","timestamp":"2024-10-04T12:47:53.694Z"}
2024-10-04 18:17:53 [INFO]: Method: GET URL: /error Body: {} Time: 2024-10-04 18:17:53
<-------------------------------------------------->
2024-10-04 18:18:56 [INFO]: Method: GET URL: /error Body: {} Time: 2024-10-04 18:18:56
<-------------------------------------------------->
{"level":"error","message":"Error occurred: This is an intentional error!","timestamp":"2024-10-04T12:48:56.177Z"}
2024-10-04 18:19:21 [INFO]: Method: GET URL: /error Body: {} Time: 2024-10-04 18:19:21
<-------------------------------------------------->
{"level":"error","message":"Error occurred: This is an intentional error!","timestamp":"2024-10-04T12:49:21.304Z"}
2024-10-04 18:19:26 [INFO]: Method: GET URL: /error Body: {} Time: 2024-10-04 18:19:26
<-------------------------------------------------->
{"level":"error","message":"Error occurred: This is an intentional error!","timestamp":"2024-10-04T12:49:26.831Z"}
2024-10-04 18:20:19 [INFO]: Method: GET URL: /error Body: {} Time: 2024-10-04 18:20:19
<-------------------------------------------------->
2024-10-04 18:21:40 [INFO]: Method: GET URL: /error Body: {} Time: 2024-10-04 18:21:40
<-------------------------------------------------->
2024-10-04 18:21:52 [INFO]: Method: GET URL: /error Body: {} Time: 2024-10-04 18:21:52
<-------------------------------------------------->
2024-10-04 18:22:57 [INFO]: Method: GET URL: /error Body: {} Time: 2024-10-04 18:22:57
<-------------------------------------------------->
2024-10-04 18:22:58 [INFO]: Method: GET URL: /error Body: {} Time: 2024-10-04 18:22:58
<-------------------------------------------------->
2024-10-04 18:23:28 [INFO]: Method: GET URL: /error Body: {} Time: 2024-10-04 18:23:28
<-------------------------------------------------->
2024-10-04 18:23:32 [INFO]: Method: GET URL: /api/cart/getorderdetails Body: {} Time: 2024-10-04 18:23:32
<-------------------------------------------------->
2024-10-04 18:23:35 [INFO]: Method: POST URL: /api/cart/getorderdetails Body: {"orderitemid":3,"type":"service"} Time: 2024-10-04 18:23:35
<-------------------------------------------------->
2024-10-04 18:24:10 [INFO]: Method: POST URL: /api/business/getlisting Body: {"uid":2,"search":"","districtid":7,"stateid":1,"sort":"distance","rating":"","latitude":"sdfsd","longitude":77.5647433,"categoryid":0,"subcategoryid":0} Time: 2024-10-04 18:24:10
<-------------------------------------------------->
